<?xml version="1.0" encoding="UTF-8"?>
<!-- Generated by org.testng.reporters.JUnitXMLReporter -->
<testsuite ignored="6" hostname="DESKTOP-NB17RKO" failures="3" tests="4" name="Test(failed)(failed)" time="0.176" errors="0" timestamp="2025-02-28T19:25:10 IST">
  <testcase classname="TestNGPractice.ClassB" name="test8" time="0.039">
    <failure type="java.lang.AssertionError" message="null">
      <![CDATA[java.lang.AssertionError: null
at TestNGPractice.ClassB.test8(ClassB.java:22)
at java.base/java.util.ArrayList.forEach(ArrayList.java:1597)
... Removed 27 stack frames]]>
    </failure>
  </testcase> <!-- test8 -->
  <testcase classname="TestNGPractice.ClassB" name="test7" time="0.006">
    <failure type="java.lang.AssertionError" message="null">
      <![CDATA[java.lang.AssertionError: null
at TestNGPractice.ClassB.test7(ClassB.java:16)
at java.base/java.util.ArrayList.forEach(ArrayList.java:1597)
... Removed 27 stack frames]]>
    </failure>
  </testcase> <!-- test7 -->
  <testcase classname="TestNGPractice.ClassA" name="test4" time="0.004">
    <failure type="java.lang.AssertionError" message="null">
      <![CDATA[java.lang.AssertionError: null
at TestNGPractice.ClassA.test4(ClassA.java:27)
at java.base/java.util.ArrayList.forEach(ArrayList.java:1597)
... Removed 27 stack frames]]>
    </failure>
  </testcase> <!-- test4 -->
  <testcase classname="TestNGPractice.ClassA" name="test1" time="0.003"/>
  <testcase classname="TestNGPractice.ClassA" name="test5" time="0.0">
    <ignored/>
  </testcase> <!-- test5 -->
  <testcase classname="TestNGPractice.ClassA" name="test2" time="0.0">
    <ignored/>
  </testcase> <!-- test2 -->
  <testcase classname="TestNGPractice.ClassB" name="test6" time="0.0">
    <ignored/>
  </testcase> <!-- test6 -->
  <testcase classname="TestNGPractice.ClassB" name="test9" time="0.0">
    <ignored/>
  </testcase> <!-- test9 -->
  <testcase classname="TestNGPractice.ClassB" name="test10" time="0.0">
    <ignored/>
  </testcase> <!-- test10 -->
  <testcase classname="TestNGPractice.ClassA" name="test3" time="0.0">
    <ignored/>
  </testcase> <!-- test3 -->
</testsuite> <!-- Test(failed)(failed) -->
