<?xml version="1.0" encoding="UTF-8"?>
<testng-results ignored="0" total="1" passed="1" failed="0" skipped="0">
  <reporter-output>
  </reporter-output>
  <suite started-at="2025-03-11T07:13:53 IST" name="Default suite" finished-at="2025-03-11T07:13:55 IST" duration-ms="2023">
    <groups>
    </groups>
    <test started-at="2025-03-11T07:13:53 IST" name="Default test" finished-at="2025-03-11T07:13:55 IST" duration-ms="2023">
      <class name="Apache_POI.createMultipleData">
        <test-method signature="createMultipleDataInExcel()[pri:0, instance:Apache_POI.createMultipleData@1d9b7cce]" started-at="2025-03-11T07:13:53 IST" name="createMultipleDataInExcel" finished-at="2025-03-11T07:13:55 IST" duration-ms="1951" status="PASS">
          <reporter-output>
          </reporter-output>
        </test-method> <!-- createMultipleDataInExcel -->
      </class> <!-- Apache_POI.createMultipleData -->
    </test> <!-- Default test -->
  </suite> <!-- Default suite -->
</testng-results>
